60
0 L 3 6 1
0 D 0 6 1
1 L 9 12 1
1 D 0 12 1
2 L 0 42 1
2 D 0 42 1
3 L 5 183 1
3 D 0 183 1
4 L 7 220 1
4 D 0 220 1
5 L 4 226 1
5 D 0 226 1
6 L 0 280 1
6 D 0 280 1
7 L 0 299 1
7 D 0 299 1
8 L 0 163 1
8 D 1 163 1
9 L 0 81 1
9 D 2 81 1
10 L 1 192 1
10 D 2 192 1
11 L 0 37 1
11 D 3 37 1
12 L 0 96 1
12 D 3 96 1
13 L 0 111 2
13 D 3 111 2
14 L 5 113 1
14 D 3 113 1
15 L 0 219 1
15 D 3 219 1
16 L 0 270 1
16 D 3 270 1
17 L 0 290 1
17 D 3 290 1
18 L 6 305 1
18 D 3 305 1
19 L 0 377 1
19 D 3 377 1
20 L 3 18 1
20 D 4 18 1
21 L 0 26 1
21 D 4 26 1
22 L 0 146 1
22 D 4 146 1
23 L 0 169 1
23 D 4 169 1
24 L 0 263 1
24 D 4 263 1
25 L 0 275 1
25 D 4 275 1
26 L 0 342 1
26 D 4 342 1
27 L 0 397 1
27 D 4 397 1
28 L 0 43 1
28 D 5 43 1
29 L 8 165 1
29 D 5 165 1
