68
PAINT_LINE 8 0 12 0
PAINT_LINE 4 1 15 1
PAINT_LINE 64 1 66 1
PAINT_LINE 2 2 5 2
PAINT_LINE 14 2 15 2
PAINT_LINE 64 2 66 2
PAINT_LINE 1 3 3 3
PAINT_LINE 64 3 66 3
PAINT_LINE 0 4 3 4
PAINT_LINE 24 4 30 4
PAINT_LINE 38 4 44 4
PAINT_LINE 52 4 61 4
PAINT_LINE 64 4 66 4
PAINT_LINE 71 4 76 4
PAINT_LINE 0 5 2 5
PAINT_LINE 10 5 19 5
PAINT_LINE 22 5 25 5
PAINT_LINE 29 5 32 5
PAINT_LINE 36 5 39 5
PAINT_LINE 43 5 46 5
PAINT_LINE 51 5 54 5
PAINT_LINE 57 5 61 5
PAINT_LINE 64 5 66 5
PAINT_LINE 69 5 72 5
PAINT_LINE 75 5 78 5
PAINT_LINE 0 6 2 6
PAINT_LINE 16 6 19 6
PAINT_LINE 21 6 23 6
PAINT_LINE 30 6 33 6
PAINT_LINE 35 6 38 6
PAINT_LINE 45 6 47 6
PAINT_LINE 50 6 52 6
PAINT_LINE 59 6 61 6
PAINT_LINE 64 6 66 6
PAINT_LINE 68 6 70 6
PAINT_LINE 73 6 78 6
PAINT_LINE 1 7 3 7
PAINT_LINE 16 7 18 7
PAINT_LINE 21 7 23 7
PAINT_LINE 31 7 33 7
PAINT_LINE 35 7 37 7
PAINT_LINE 45 7 47 7
PAINT_LINE 50 7 51 7
PAINT_LINE 59 7 61 7
PAINT_LINE 64 7 66 7
PAINT_LINE 68 7 74 7
PAINT_LINE 2 8 5 8
PAINT_LINE 14 8 17 8
PAINT_LINE 21 8 24 8
PAINT_LINE 30 8 32 8
PAINT_LINE 36 8 38 8
PAINT_LINE 44 8 47 8
PAINT_LINE 50 8 52 8
PAINT_LINE 59 8 61 8
PAINT_LINE 64 8 66 8
PAINT_LINE 68 8 71 8
PAINT_LINE 77 8 77 8
PAINT_LINE 4 9 16 9
PAINT_LINE 22 9 31 9
PAINT_LINE 37 9 46 9
PAINT_LINE 51 9 61 9
PAINT_LINE 64 9 66 9
PAINT_LINE 70 9 78 9
PAINT_LINE 59 10 61 10
PAINT_LINE 50 11 52 11
PAINT_LINE 58 11 61 11
PAINT_LINE 51 12 59 12
PAINT_LINE 54 13 56 13
