42
0 L 0 38 1
0 D 0 38 1
1 L 0 121 1
1 D 0 121 1
2 L 0 634 1
2 D 0 634 1
3 L 0 785 1
3 D 0 785 1
4 L 0 805 1
4 D 0 805 1
5 L 0 218 1
5 D 1 218 1
6 L 0 247 1
6 D 1 247 1
7 L 0 500 1
7 D 1 500 1
8 L 0 782 1
8 D 1 782 1
9 L 0 794 1
9 D 1 794 1
10 L 0 963 1
10 D 1 963 1
11 L 0 57 1
11 D 2 57 1
12 L 0 115 1
12 D 2 115 1
13 L 0 181 1
13 D 2 181 1
14 L 0 252 1
14 D 2 252 1
15 L 0 385 1
15 D 2 385 1
16 L 0 491 1
16 D 2 491 1
17 L 0 538 1
17 D 2 538 1
18 L 0 577 1
18 D 2 577 1
19 L 0 702 1
19 D 2 702 1
20 L 0 738 1
20 D 2 738 1
