62
0 L 1 170 1
0 D 0 170 1
1 L 1 232 1
1 D 0 232 1
2 L 0 967 1
2 D 0 967 1
3 L 0 1059 1
3 D 0 1059 1
4 L 0 1086 1
4 D 0 1086 1
5 L 0 1131 1
5 D 0 1131 1
6 L 0 1280 1
6 D 0 1280 1
7 L 3 1664 1
7 D 0 1664 1
8 L 0 1713 1
8 D 0 1713 1
9 L 0 1881 1
9 D 0 1881 1
10 L 0 1896 1
10 D 0 1896 1
11 L 0 63 1
11 D 1 63 1
12 L 0 505 1
12 D 1 505 1
13 L 0 660 1
13 D 1 660 1
14 L 0 789 1
14 D 1 789 1
15 L 0 1486 1
15 D 1 1486 1
16 L 0 1741 1
16 D 1 1741 1
17 L 0 1886 1
17 D 1 1886 1
18 L 0 1910 1
18 D 1 1910 1
19 L 0 745 1
19 D 2 745 1
20 L 0 913 1
20 D 2 913 1
21 L 0 1020 1
21 D 2 1020 1
22 L 0 1214 1
22 D 2 1214 1
23 L 0 1792 1
23 D 2 1792 1
24 L 0 1966 1
24 D 2 1966 1
25 L 0 325 1
25 D 3 325 1
26 L 0 801 1
26 D 3 801 1
27 L 0 1019 1
27 D 3 1019 1
28 L 1 1286 1
28 D 3 1286 1
29 L 0 1559 1
29 D 3 1559 1
30 L 0 1618 1
30 D 3 1618 1
